==44745== Memcheck, a memory error detector
==44745== Copyright (C) 2002-2017, and GNU GPL'd, by Julian Seward et al.
==44745== Using Valgrind-3.15.0-608cb11914-20190413 and LibVEX; rerun with -h for copyright info
==44745== Command: ./hsh
==44745== Parent PID: 1672
==44745== 
--44745-- 
--44745-- Valgrind options:
--44745--    --leak-check=full
--44745--    -v
--44745--    --track-origins=yes
--44745--    --log-file=vg_logfile.out
--44745-- Contents of /proc/version:
--44745--   Linux version 5.4.0-153-generic (buildd@bos03-amd64-008) (gcc version 9.4.0 (Ubuntu 9.4.0-1ubuntu1~20.04.1)) #170-Ubuntu SMP Fri Jun 16 13:43:31 UTC 2023
--44745-- 
--44745-- Arch and hwcaps: AMD64, LittleEndian, amd64-cx16-lzcnt-rdtscp-sse3-ssse3-avx-avx2-rdrand
--44745-- Page sizes: currently 4096, max supported 4096
--44745-- Valgrind library directory: /usr/lib/x86_64-linux-gnu/valgrind
--44745-- Reading syms from /home/vagrant/Alx_projects/simple_shell_test/hsh
--44745-- Reading syms from /usr/lib/x86_64-linux-gnu/ld-2.31.so
--44745--   Considering /usr/lib/debug/.build-id/45/87364908de169dec62ffa538170118c1c3a078.debug ..
--44745--   .. build-id is valid
--44745-- Reading syms from /usr/lib/x86_64-linux-gnu/valgrind/memcheck-amd64-linux
--44745--    object doesn't have a symbol table
--44745--    object doesn't have a dynamic symbol table
--44745-- Scheduler: using generic scheduler lock implementation.
--44745-- Reading suppressions file: /usr/lib/x86_64-linux-gnu/valgrind/default.supp
==44745== embedded gdbserver: reading from /tmp/vgdb-pipe-from-vgdb-to-44745-by-vagrant-on-???
==44745== embedded gdbserver: writing to   /tmp/vgdb-pipe-to-vgdb-from-44745-by-vagrant-on-???
==44745== embedded gdbserver: shared mem   /tmp/vgdb-pipe-shared-mem-vgdb-44745-by-vagrant-on-???
==44745== 
==44745== TO CONTROL THIS PROCESS USING vgdb (which you probably
==44745== don't want to do, unless you know exactly what you're doing,
==44745== or are doing some strange experiment):
==44745==   /usr/lib/x86_64-linux-gnu/valgrind/../../bin/vgdb --pid=44745 ...command...
==44745== 
==44745== TO DEBUG THIS PROCESS USING GDB: start GDB like this
==44745==   /path/to/gdb ./hsh
==44745== and then give GDB the following command
==44745==   target remote | /usr/lib/x86_64-linux-gnu/valgrind/../../bin/vgdb --pid=44745
==44745== --pid is optional if only one valgrind process is running
==44745== 
--44745-- REDIR: 0x4022e20 (ld-linux-x86-64.so.2:strlen) redirected to 0x580c9ce2 (???)
--44745-- REDIR: 0x4022bf0 (ld-linux-x86-64.so.2:index) redirected to 0x580c9cfc (???)
--44745-- Reading syms from /usr/lib/x86_64-linux-gnu/valgrind/vgpreload_core-amd64-linux.so
--44745--    object doesn't have a symbol table
--44745-- Reading syms from /usr/lib/x86_64-linux-gnu/valgrind/vgpreload_memcheck-amd64-linux.so
--44745--    object doesn't have a symbol table
==44745== WARNING: new redirection conflicts with existing -- ignoring it
--44745--     old: 0x04022e20 (strlen              ) R-> (0000.0) 0x580c9ce2 ???
--44745--     new: 0x04022e20 (strlen              ) R-> (2007.0) 0x0483f060 strlen
--44745-- REDIR: 0x401f600 (ld-linux-x86-64.so.2:strcmp) redirected to 0x483ffd0 (strcmp)
--44745-- REDIR: 0x4023380 (ld-linux-x86-64.so.2:mempcpy) redirected to 0x4843a20 (mempcpy)
--44745-- Reading syms from /usr/lib/x86_64-linux-gnu/libc-2.31.so
--44745--   Considering /usr/lib/debug/.build-id/18/78e6b475720c7c51969e69ab2d276fae6d1dee.debug ..
--44745--   .. build-id is valid
--44745-- REDIR: 0x48f1480 (libc.so.6:memmove) redirected to 0x48311d0 (_vgnU_ifunc_wrapper)
--44745-- REDIR: 0x48f0780 (libc.so.6:strncpy) redirected to 0x48311d0 (_vgnU_ifunc_wrapper)
--44745-- REDIR: 0x48f17b0 (libc.so.6:strcasecmp) redirected to 0x48311d0 (_vgnU_ifunc_wrapper)
--44745-- REDIR: 0x48f00a0 (libc.so.6:strcat) redirected to 0x48311d0 (_vgnU_ifunc_wrapper)
--44745-- REDIR: 0x48f07e0 (libc.so.6:rindex) redirected to 0x48311d0 (_vgnU_ifunc_wrapper)
--44745-- REDIR: 0x48f2c50 (libc.so.6:rawmemchr) redirected to 0x48311d0 (_vgnU_ifunc_wrapper)
--44745-- REDIR: 0x490dce0 (libc.so.6:wmemchr) redirected to 0x48311d0 (_vgnU_ifunc_wrapper)
--44745-- REDIR: 0x490d820 (libc.so.6:wcscmp) redirected to 0x48311d0 (_vgnU_ifunc_wrapper)
--44745-- REDIR: 0x48f15e0 (libc.so.6:mempcpy) redirected to 0x48311d0 (_vgnU_ifunc_wrapper)
--44745-- REDIR: 0x48f1410 (libc.so.6:bcmp) redirected to 0x48311d0 (_vgnU_ifunc_wrapper)
--44745-- REDIR: 0x48f0710 (libc.so.6:strncmp) redirected to 0x48311d0 (_vgnU_ifunc_wrapper)
--44745-- REDIR: 0x48f0150 (libc.so.6:strcmp) redirected to 0x48311d0 (_vgnU_ifunc_wrapper)
--44745-- REDIR: 0x48f1540 (libc.so.6:memset) redirected to 0x48311d0 (_vgnU_ifunc_wrapper)
--44745-- REDIR: 0x490d7e0 (libc.so.6:wcschr) redirected to 0x48311d0 (_vgnU_ifunc_wrapper)
--44745-- REDIR: 0x48f0670 (libc.so.6:strnlen) redirected to 0x48311d0 (_vgnU_ifunc_wrapper)
--44745-- REDIR: 0x48f0230 (libc.so.6:strcspn) redirected to 0x48311d0 (_vgnU_ifunc_wrapper)
--44745-- REDIR: 0x48f1800 (libc.so.6:strncasecmp) redirected to 0x48311d0 (_vgnU_ifunc_wrapper)
--44745-- REDIR: 0x48f01d0 (libc.so.6:strcpy) redirected to 0x48311d0 (_vgnU_ifunc_wrapper)
--44745-- REDIR: 0x48f1950 (libc.so.6:memcpy@@GLIBC_2.14) redirected to 0x48311d0 (_vgnU_ifunc_wrapper)
--44745-- REDIR: 0x490ef50 (libc.so.6:wcsnlen) redirected to 0x48311d0 (_vgnU_ifunc_wrapper)
--44745-- REDIR: 0x490d860 (libc.so.6:wcscpy) redirected to 0x48311d0 (_vgnU_ifunc_wrapper)
--44745-- REDIR: 0x48f0820 (libc.so.6:strpbrk) redirected to 0x48311d0 (_vgnU_ifunc_wrapper)
--44745-- REDIR: 0x48f0100 (libc.so.6:index) redirected to 0x48311d0 (_vgnU_ifunc_wrapper)
--44745-- REDIR: 0x48f0630 (libc.so.6:strlen) redirected to 0x48311d0 (_vgnU_ifunc_wrapper)
--44745-- REDIR: 0x48f9bb0 (libc.so.6:memrchr) redirected to 0x48311d0 (_vgnU_ifunc_wrapper)
--44745-- REDIR: 0x48f1850 (libc.so.6:strcasecmp_l) redirected to 0x48311d0 (_vgnU_ifunc_wrapper)
--44745-- REDIR: 0x48f13d0 (libc.so.6:memchr) redirected to 0x48311d0 (_vgnU_ifunc_wrapper)
--44745-- REDIR: 0x490d930 (libc.so.6:wcslen) redirected to 0x48311d0 (_vgnU_ifunc_wrapper)
--44745-- REDIR: 0x48f0ae0 (libc.so.6:strspn) redirected to 0x48311d0 (_vgnU_ifunc_wrapper)
--44745-- REDIR: 0x48f1750 (libc.so.6:stpncpy) redirected to 0x48311d0 (_vgnU_ifunc_wrapper)
--44745-- REDIR: 0x48f16f0 (libc.so.6:stpcpy) redirected to 0x48311d0 (_vgnU_ifunc_wrapper)
--44745-- REDIR: 0x48f2c90 (libc.so.6:strchrnul) redirected to 0x48311d0 (_vgnU_ifunc_wrapper)
--44745-- REDIR: 0x48f18a0 (libc.so.6:strncasecmp_l) redirected to 0x48311d0 (_vgnU_ifunc_wrapper)
--44745-- REDIR: 0x49d9500 (libc.so.6:__strrchr_avx2) redirected to 0x483ea10 (rindex)
--44745-- REDIR: 0x49d96d0 (libc.so.6:__strlen_avx2) redirected to 0x483ef40 (strlen)
--44745-- REDIR: 0x48eb0e0 (libc.so.6:malloc) redirected to 0x483b780 (malloc)
--44745-- REDIR: 0x49d5530 (libc.so.6:__memchr_avx2) redirected to 0x4840050 (memchr)
--44745-- REDIR: 0x49dc6e0 (libc.so.6:__memcpy_avx_unaligned_erms) redirected to 0x48429f0 (memmove)
--44745-- REDIR: 0x49d4aa0 (libc.so.6:__strspn_sse42) redirected to 0x4843ef0 (strspn)
--44745-- REDIR: 0x49d4820 (libc.so.6:__strcspn_sse42) redirected to 0x4843e10 (strcspn)
--44745-- REDIR: 0x48eb6d0 (libc.so.6:free) redirected to 0x483c9d0 (free)
==44745== Conditional jump or move depends on uninitialised value(s)
==44745==    at 0x109796: execute_cmd (exe_cmd.c:17)
==44745==    by 0x10973B: execute_bin (exe_bin.c:47)
==44745==    by 0x109B39: getlne (getlne.c:26)
==44745==    by 0x109EE6: main (shell.c:28)
==44745==  Uninitialised value was created by a heap allocation
==44745==    at 0x483B7F3: malloc (in /usr/lib/x86_64-linux-gnu/valgrind/vgpreload_memcheck-amd64-linux.so)
==44745==    by 0x109F10: sep (tokenize.c:14)
==44745==    by 0x109B29: getlne (getlne.c:25)
==44745==    by 0x109EE6: main (shell.c:28)
==44745== 
==44755== Conditional jump or move depends on uninitialised value(s)
==44755==    at 0x109796: execute_cmd (exe_cmd.c:17)
==44755==    by 0x10973B: execute_bin (exe_bin.c:47)
==44755==    by 0x109B39: getlne (getlne.c:26)
==44755==    by 0x109EE6: main (shell.c:28)
==44755==  Uninitialised value was created by a heap allocation
==44755==    at 0x483B7F3: malloc (in /usr/lib/x86_64-linux-gnu/valgrind/vgpreload_memcheck-amd64-linux.so)
==44755==    by 0x109F10: sep (tokenize.c:14)
==44755==    by 0x109B29: getlne (getlne.c:25)
==44755==    by 0x109EE6: main (shell.c:28)
==44755== 
==44755== Syscall param execve(filename) points to unaddressable byte(s)
==44755==    at 0x493417B: execve (syscall-template.S:78)
==44755==    by 0x1097D5: execute_cmd (exe_cmd.c:24)
==44755==    by 0x10973B: execute_bin (exe_bin.c:47)
==44755==    by 0x109B39: getlne (getlne.c:26)
==44755==    by 0x109EE6: main (shell.c:28)
==44755==  Address 0x1ffefff260 is on thread 1's stack
==44755==  4040 bytes below stack pointer
==44755== 
==44745== 
==44745== Process terminating with default action of signal 2 (SIGINT)
==44745==    at 0x495EFD2: read (read.c:26)
==44745==    by 0x48E1B9E: _IO_file_underflow@@GLIBC_2.2.5 (fileops.c:517)
==44745==    by 0x48D4717: getdelim (iogetdelim.c:73)
==44745==    by 0x109ACD: getlne (getlne.c:12)
==44745==    by 0x109EE6: main (shell.c:28)
==44745== 
==44745== HEAP SUMMARY:
==44745==     in use at exit: 104 bytes in 1 blocks
==44745==   total heap usage: 7 allocs, 6 frees, 2,886 bytes allocated
==44745== 
==44745== Searching for pointers to 1 not-freed blocks
==44745== Checked 69,064 bytes
==44745== 
==44745== 104 bytes in 1 blocks are definitely lost in loss record 1 of 1
==44745==    at 0x483B7F3: malloc (in /usr/lib/x86_64-linux-gnu/valgrind/vgpreload_memcheck-amd64-linux.so)
==44745==    by 0x48F038E: strdup (strdup.c:42)
==44745==    by 0x10993B: _getenv (get_env.c:16)
==44745==    by 0x109BF6: getpath (getpath.c:12)
==44745==    by 0x109694: execute_bin (exe_bin.c:34)
==44745==    by 0x109B39: getlne (getlne.c:26)
==44745==    by 0x109EE6: main (shell.c:28)
==44745== 
==44745== LEAK SUMMARY:
==44745==    definitely lost: 104 bytes in 1 blocks
==44745==    indirectly lost: 0 bytes in 0 blocks
==44745==      possibly lost: 0 bytes in 0 blocks
==44745==    still reachable: 0 bytes in 0 blocks
==44745==         suppressed: 0 bytes in 0 blocks
==44745== 
==44745== ERROR SUMMARY: 2 errors from 2 contexts (suppressed: 0 from 0)
==44745== 
==44745== 1 errors in context 1 of 2:
==44745== Conditional jump or move depends on uninitialised value(s)
==44745==    at 0x109796: execute_cmd (exe_cmd.c:17)
==44745==    by 0x10973B: execute_bin (exe_bin.c:47)
==44745==    by 0x109B39: getlne (getlne.c:26)
==44745==    by 0x109EE6: main (shell.c:28)
==44745==  Uninitialised value was created by a heap allocation
==44745==    at 0x483B7F3: malloc (in /usr/lib/x86_64-linux-gnu/valgrind/vgpreload_memcheck-amd64-linux.so)
==44745==    by 0x109F10: sep (tokenize.c:14)
==44745==    by 0x109B29: getlne (getlne.c:25)
==44745==    by 0x109EE6: main (shell.c:28)
==44745== 
==44745== ERROR SUMMARY: 2 errors from 2 contexts (suppressed: 0 from 0)
